Error: ER_NO_REFERENCED_ROW_2: Cannot add or update a child row: a foreign key constraint fails (`droitphilosophie_new`.`VolumeSections`, CONSTRAINT `VolumeSections_ibfk_1` FOREIGN KEY (`volume_id`) REFERENCES `Volumes` (`id`))
    at Sequence._packetToError (/home/abigael/code/villey/data-migration/node_modules/mysql/lib/protocol/sequences/Sequence.js:47:14)
    at Query.ErrorPacket (/home/abigael/code/villey/data-migration/node_modules/mysql/lib/protocol/sequences/Query.js:79:18)
    at Protocol._parsePacket (/home/abigael/code/villey/data-migration/node_modules/mysql/lib/protocol/Protocol.js:291:23)
    at Parser._parsePacket (/home/abigael/code/villey/data-migration/node_modules/mysql/lib/protocol/Parser.js:433:10)
    at Parser.write (/home/abigael/code/villey/data-migration/node_modules/mysql/lib/protocol/Parser.js:43:10)
    at Protocol.write (/home/abigael/code/villey/data-migration/node_modules/mysql/lib/protocol/Protocol.js:38:16)
    at Socket.<anonymous> (/home/abigael/code/villey/data-migration/node_modules/mysql/lib/Connection.js:88:28)
    at Socket.<anonymous> (/home/abigael/code/villey/data-migration/node_modules/mysql/lib/Connection.js:526:10)
    at Socket.emit (node:events:514:28)
    at addChunk (node:internal/streams/readable:343:12)
    --------------------
    at Protocol._enqueue (/home/abigael/code/villey/data-migration/node_modules/mysql/lib/protocol/Protocol.js:144:48)
    at Connection.query (/home/abigael/code/villey/data-migration/node_modules/mysql/lib/Connection.js:198:25)
    at /home/abigael/code/villey/data-migration/node_modules/knex/lib/dialects/mysql/index.js:132:18
    at new Promise (<anonymous>)
    at Client_MySQL._query (/home/abigael/code/villey/data-migration/node_modules/knex/lib/dialects/mysql/index.js:126:12)
    at executeQuery (/home/abigael/code/villey/data-migration/node_modules/knex/lib/execution/internal/query-executioner.js:37:17)
    at Client_MySQL.query (/home/abigael/code/villey/data-migration/node_modules/knex/lib/client.js:154:12)
    at Runner.query (/home/abigael/code/villey/data-migration/node_modules/knex/lib/execution/runner.js:141:36)
    at ensureConnectionCallback (/home/abigael/code/villey/data-migration/node_modules/knex/lib/execution/internal/ensure-connection-callback.js:13:17)
    at Runner.ensureConnection (/home/abigael/code/villey/data-migration/node_modules/knex/lib/execution/runner.js:318:20) {
  code: 'ER_NO_REFERENCED_ROW_2',
  errno: 1452,
  sqlMessage: 'Cannot add or update a child row: a foreign key constraint fails (`droitphilosophie_new`.`VolumeSections`, CONSTRAINT `VolumeSections_ibfk_1` FOREIGN KEY (`volume_id`) REFERENCES `Volumes` (`id`))',
  sqlState: '23000',
  index: 0,
  sql: "insert into `VolumeSections` (`id`, `title`, `volume_id`) values (39, 'Présentation', 12)"
}
Error: ER_NO_REFERENCED_ROW_2: Cannot add or update a child row: a foreign key constraint fails (`droitphilosophie_new`.`VolumeSections`, CONSTRAINT `VolumeSections_ibfk_1` FOREIGN KEY (`volume_id`) REFERENCES `Volumes` (`id`))
    at Sequence._packetToError (/home/abigael/code/villey/data-migration/node_modules/mysql/lib/protocol/sequences/Sequence.js:47:14)
    at Query.ErrorPacket (/home/abigael/code/villey/data-migration/node_modules/mysql/lib/protocol/sequences/Query.js:79:18)
    at Protocol._parsePacket (/home/abigael/code/villey/data-migration/node_modules/mysql/lib/protocol/Protocol.js:291:23)
    at Parser._parsePacket (/home/abigael/code/villey/data-migration/node_modules/mysql/lib/protocol/Parser.js:433:10)
    at Parser.write (/home/abigael/code/villey/data-migration/node_modules/mysql/lib/protocol/Parser.js:43:10)
    at Protocol.write (/home/abigael/code/villey/data-migration/node_modules/mysql/lib/protocol/Protocol.js:38:16)
    at Socket.<anonymous> (/home/abigael/code/villey/data-migration/node_modules/mysql/lib/Connection.js:88:28)
    at Socket.<anonymous> (/home/abigael/code/villey/data-migration/node_modules/mysql/lib/Connection.js:526:10)
    at Socket.emit (node:events:514:28)
    at addChunk (node:internal/streams/readable:343:12)
    --------------------
    at Protocol._enqueue (/home/abigael/code/villey/data-migration/node_modules/mysql/lib/protocol/Protocol.js:144:48)
    at Connection.query (/home/abigael/code/villey/data-migration/node_modules/mysql/lib/Connection.js:198:25)
    at /home/abigael/code/villey/data-migration/node_modules/knex/lib/dialects/mysql/index.js:132:18
    at new Promise (<anonymous>)
    at Client_MySQL._query (/home/abigael/code/villey/data-migration/node_modules/knex/lib/dialects/mysql/index.js:126:12)
    at executeQuery (/home/abigael/code/villey/data-migration/node_modules/knex/lib/execution/internal/query-executioner.js:37:17)
    at Client_MySQL.query (/home/abigael/code/villey/data-migration/node_modules/knex/lib/client.js:154:12)
    at Runner.query (/home/abigael/code/villey/data-migration/node_modules/knex/lib/execution/runner.js:141:36)
    at ensureConnectionCallback (/home/abigael/code/villey/data-migration/node_modules/knex/lib/execution/internal/ensure-connection-callback.js:13:17)
    at Runner.ensureConnection (/home/abigael/code/villey/data-migration/node_modules/knex/lib/execution/runner.js:318:20) {
  code: 'ER_NO_REFERENCED_ROW_2',
  errno: 1452,
  sqlMessage: 'Cannot add or update a child row: a foreign key constraint fails (`droitphilosophie_new`.`VolumeSections`, CONSTRAINT `VolumeSections_ibfk_1` FOREIGN KEY (`volume_id`) REFERENCES `Volumes` (`id`))',
  sqlState: '23000',
  index: 0,
  sql: "insert into `VolumeSections` (`id`, `title`, `volume_id`) values (38, 'Présentation', 11)"
}
Error: ER_NO_REFERENCED_ROW_2: Cannot add or update a child row: a foreign key constraint fails (`droitphilosophie_new`.`VolumeSections`, CONSTRAINT `VolumeSections_ibfk_1` FOREIGN KEY (`volume_id`) REFERENCES `Volumes` (`id`))
    at Sequence._packetToError (/home/abigael/code/villey/data-migration/node_modules/mysql/lib/protocol/sequences/Sequence.js:47:14)
    at Query.ErrorPacket (/home/abigael/code/villey/data-migration/node_modules/mysql/lib/protocol/sequences/Query.js:79:18)
    at Protocol._parsePacket (/home/abigael/code/villey/data-migration/node_modules/mysql/lib/protocol/Protocol.js:291:23)
    at Parser._parsePacket (/home/abigael/code/villey/data-migration/node_modules/mysql/lib/protocol/Parser.js:433:10)
    at Parser.write (/home/abigael/code/villey/data-migration/node_modules/mysql/lib/protocol/Parser.js:43:10)
    at Protocol.write (/home/abigael/code/villey/data-migration/node_modules/mysql/lib/protocol/Protocol.js:38:16)
    at Socket.<anonymous> (/home/abigael/code/villey/data-migration/node_modules/mysql/lib/Connection.js:88:28)
    at Socket.<anonymous> (/home/abigael/code/villey/data-migration/node_modules/mysql/lib/Connection.js:526:10)
    at Socket.emit (node:events:514:28)
    at addChunk (node:internal/streams/readable:343:12)
    --------------------
    at Protocol._enqueue (/home/abigael/code/villey/data-migration/node_modules/mysql/lib/protocol/Protocol.js:144:48)
    at Connection.query (/home/abigael/code/villey/data-migration/node_modules/mysql/lib/Connection.js:198:25)
    at /home/abigael/code/villey/data-migration/node_modules/knex/lib/dialects/mysql/index.js:132:18
    at new Promise (<anonymous>)
    at Client_MySQL._query (/home/abigael/code/villey/data-migration/node_modules/knex/lib/dialects/mysql/index.js:126:12)
    at executeQuery (/home/abigael/code/villey/data-migration/node_modules/knex/lib/execution/internal/query-executioner.js:37:17)
    at Client_MySQL.query (/home/abigael/code/villey/data-migration/node_modules/knex/lib/client.js:154:12)
    at Runner.query (/home/abigael/code/villey/data-migration/node_modules/knex/lib/execution/runner.js:141:36)
    at ensureConnectionCallback (/home/abigael/code/villey/data-migration/node_modules/knex/lib/execution/internal/ensure-connection-callback.js:13:17)
    at Runner.ensureConnection (/home/abigael/code/villey/data-migration/node_modules/knex/lib/execution/runner.js:318:20) {
  code: 'ER_NO_REFERENCED_ROW_2',
  errno: 1452,
  sqlMessage: 'Cannot add or update a child row: a foreign key constraint fails (`droitphilosophie_new`.`VolumeSections`, CONSTRAINT `VolumeSections_ibfk_1` FOREIGN KEY (`volume_id`) REFERENCES `Volumes` (`id`))',
  sqlState: '23000',
  index: 0,
  sql: "insert into `VolumeSections` (`id`, `title`, `volume_id`) values (40, 'Textes de Raz', 12)"
}
Error: ER_NO_REFERENCED_ROW_2: Cannot add or update a child row: a foreign key constraint fails (`droitphilosophie_new`.`Articles`, CONSTRAINT `Articles_ibfk_1` FOREIGN KEY (`section_id`) REFERENCES `VolumeSections` (`id`))
    at Sequence._packetToError (/home/abigael/code/villey/data-migration/node_modules/mysql/lib/protocol/sequences/Sequence.js:47:14)
    at Query.ErrorPacket (/home/abigael/code/villey/data-migration/node_modules/mysql/lib/protocol/sequences/Query.js:79:18)
    at Protocol._parsePacket (/home/abigael/code/villey/data-migration/node_modules/mysql/lib/protocol/Protocol.js:291:23)
    at Parser._parsePacket (/home/abigael/code/villey/data-migration/node_modules/mysql/lib/protocol/Parser.js:433:10)
    at Parser.write (/home/abigael/code/villey/data-migration/node_modules/mysql/lib/protocol/Parser.js:43:10)
    at Protocol.write (/home/abigael/code/villey/data-migration/node_modules/mysql/lib/protocol/Protocol.js:38:16)
    at Socket.<anonymous> (/home/abigael/code/villey/data-migration/node_modules/mysql/lib/Connection.js:88:28)
    at Socket.<anonymous> (/home/abigael/code/villey/data-migration/node_modules/mysql/lib/Connection.js:526:10)
    at Socket.emit (node:events:514:28)
    at addChunk (node:internal/streams/readable:343:12)
    --------------------
    at Protocol._enqueue (/home/abigael/code/villey/data-migration/node_modules/mysql/lib/protocol/Protocol.js:144:48)
    at Connection.query (/home/abigael/code/villey/data-migration/node_modules/mysql/lib/Connection.js:198:25)
    at /home/abigael/code/villey/data-migration/node_modules/knex/lib/dialects/mysql/index.js:132:18
    at new Promise (<anonymous>)
    at Client_MySQL._query (/home/abigael/code/villey/data-migration/node_modules/knex/lib/dialects/mysql/index.js:126:12)
    at executeQuery (/home/abigael/code/villey/data-migration/node_modules/knex/lib/execution/internal/query-executioner.js:37:17)
    at Client_MySQL.query (/home/abigael/code/villey/data-migration/node_modules/knex/lib/client.js:154:12)
    at Runner.query (/home/abigael/code/villey/data-migration/node_modules/knex/lib/execution/runner.js:141:36)
    at ensureConnectionCallback (/home/abigael/code/villey/data-migration/node_modules/knex/lib/execution/internal/ensure-connection-callback.js:13:17)
    at Runner.ensureConnection (/home/abigael/code/villey/data-migration/node_modules/knex/lib/execution/runner.js:318:20) {
  code: 'ER_NO_REFERENCED_ROW_2',
  errno: 1452,
  sqlMessage: 'Cannot add or update a child row: a foreign key constraint fails (`droitphilosophie_new`.`Articles`, CONSTRAINT `Articles_ibfk_1` FOREIGN KEY (`section_id`) REFERENCES `VolumeSections` (`id`))',
  sqlState: '23000',
  index: 0,
  sql: 'insert into `Articles` (`active`, `author_id`, `id`, `position`, `section_id`, `slug`, `summary`, `title`, `type`) values (0, 133, 211, 1, 39, \'essai-211\', \'{\\"type\\":\\"doc\\",\\"content\\":[{\\"type\\":\\"paragraph\\",\\"content\\":[{\\"type\\":\\"text\\",\\"text\\":\\" \\"}]},{\\"type\\":\\"paragraph\\",\\"content\\":[{\\"type\\":\\"text\\",\\"text\\":\\" \\"}]},{\\"type\\":\\"paragraph\\",\\"content\\":[{\\"type\\":\\"text\\",\\"text\\":\\" \\"}]}]}\', \'Essai\', \'article\')'
}
Error: ER_NO_REFERENCED_ROW_2: Cannot add or update a child row: a foreign key constraint fails (`droitphilosophie_new`.`Articles`, CONSTRAINT `Articles_ibfk_1` FOREIGN KEY (`section_id`) REFERENCES `VolumeSections` (`id`))
    at Sequence._packetToError (/home/abigael/code/villey/data-migration/node_modules/mysql/lib/protocol/sequences/Sequence.js:47:14)
    at Query.ErrorPacket (/home/abigael/code/villey/data-migration/node_modules/mysql/lib/protocol/sequences/Query.js:79:18)
    at Protocol._parsePacket (/home/abigael/code/villey/data-migration/node_modules/mysql/lib/protocol/Protocol.js:291:23)
    at Parser._parsePacket (/home/abigael/code/villey/data-migration/node_modules/mysql/lib/protocol/Parser.js:433:10)
    at Parser.write (/home/abigael/code/villey/data-migration/node_modules/mysql/lib/protocol/Parser.js:43:10)
    at Protocol.write (/home/abigael/code/villey/data-migration/node_modules/mysql/lib/protocol/Protocol.js:38:16)
    at Socket.<anonymous> (/home/abigael/code/villey/data-migration/node_modules/mysql/lib/Connection.js:88:28)
    at Socket.<anonymous> (/home/abigael/code/villey/data-migration/node_modules/mysql/lib/Connection.js:526:10)
    at Socket.emit (node:events:514:28)
    at addChunk (node:internal/streams/readable:343:12)
    --------------------
    at Protocol._enqueue (/home/abigael/code/villey/data-migration/node_modules/mysql/lib/protocol/Protocol.js:144:48)
    at Connection.query (/home/abigael/code/villey/data-migration/node_modules/mysql/lib/Connection.js:198:25)
    at /home/abigael/code/villey/data-migration/node_modules/knex/lib/dialects/mysql/index.js:132:18
    at new Promise (<anonymous>)
    at Client_MySQL._query (/home/abigael/code/villey/data-migration/node_modules/knex/lib/dialects/mysql/index.js:126:12)
    at executeQuery (/home/abigael/code/villey/data-migration/node_modules/knex/lib/execution/internal/query-executioner.js:37:17)
    at Client_MySQL.query (/home/abigael/code/villey/data-migration/node_modules/knex/lib/client.js:154:12)
    at Runner.query (/home/abigael/code/villey/data-migration/node_modules/knex/lib/execution/runner.js:141:36)
    at ensureConnectionCallback (/home/abigael/code/villey/data-migration/node_modules/knex/lib/execution/internal/ensure-connection-callback.js:13:17)
    at Runner.ensureConnection (/home/abigael/code/villey/data-migration/node_modules/knex/lib/execution/runner.js:318:20) {
  code: 'ER_NO_REFERENCED_ROW_2',
  errno: 1452,
  sqlMessage: 'Cannot add or update a child row: a foreign key constraint fails (`droitphilosophie_new`.`Articles`, CONSTRAINT `Articles_ibfk_1` FOREIGN KEY (`section_id`) REFERENCES `VolumeSections` (`id`))',
  sqlState: '23000',
  index: 0,
  sql: 'insert into `Articles` (`active`, `author_id`, `id`, `position`, `section_id`, `slug`, `summary`, `title`, `type`) values (0, 127, 210, 1, 40, \'essai-2-210\', \'{\\"type\\":\\"doc\\",\\"content\\":[{\\"type\\":\\"paragraph\\"}]}\', \'Essai 2\', \'article\')'
}
Error: ER_TRUNCATED_WRONG_VALUE_FOR_FIELD: Incorrect integer value: 'footnote-1250-1' for column `droitphilosophie_new`.`Footnotes`.`position` at row 1
    at Sequence._packetToError (/home/abigael/code/villey/data-migration/node_modules/mysql/lib/protocol/sequences/Sequence.js:47:14)
    at Query.ErrorPacket (/home/abigael/code/villey/data-migration/node_modules/mysql/lib/protocol/sequences/Query.js:79:18)
    at Protocol._parsePacket (/home/abigael/code/villey/data-migration/node_modules/mysql/lib/protocol/Protocol.js:291:23)
    at Parser._parsePacket (/home/abigael/code/villey/data-migration/node_modules/mysql/lib/protocol/Parser.js:433:10)
    at Parser.write (/home/abigael/code/villey/data-migration/node_modules/mysql/lib/protocol/Parser.js:43:10)
    at Protocol.write (/home/abigael/code/villey/data-migration/node_modules/mysql/lib/protocol/Protocol.js:38:16)
    at Socket.<anonymous> (/home/abigael/code/villey/data-migration/node_modules/mysql/lib/Connection.js:88:28)
    at Socket.<anonymous> (/home/abigael/code/villey/data-migration/node_modules/mysql/lib/Connection.js:526:10)
    at Socket.emit (node:events:514:28)
    at addChunk (node:internal/streams/readable:343:12)
    --------------------
    at Protocol._enqueue (/home/abigael/code/villey/data-migration/node_modules/mysql/lib/protocol/Protocol.js:144:48)
    at Connection.query (/home/abigael/code/villey/data-migration/node_modules/mysql/lib/Connection.js:198:25)
    at /home/abigael/code/villey/data-migration/node_modules/knex/lib/dialects/mysql/index.js:132:18
    at new Promise (<anonymous>)
    at Client_MySQL._query (/home/abigael/code/villey/data-migration/node_modules/knex/lib/dialects/mysql/index.js:126:12)
    at executeQuery (/home/abigael/code/villey/data-migration/node_modules/knex/lib/execution/internal/query-executioner.js:37:17)
    at Client_MySQL.query (/home/abigael/code/villey/data-migration/node_modules/knex/lib/client.js:154:12)
    at Runner.query (/home/abigael/code/villey/data-migration/node_modules/knex/lib/execution/runner.js:141:36)
    at ensureConnectionCallback (/home/abigael/code/villey/data-migration/node_modules/knex/lib/execution/internal/ensure-connection-callback.js:13:17)
    at Runner.ensureConnection (/home/abigael/code/villey/data-migration/node_modules/knex/lib/execution/runner.js:318:20) {
  code: 'ER_TRUNCATED_WRONG_VALUE_FOR_FIELD',
  errno: 1366,
  sqlMessage: "Incorrect integer value: 'footnote-1250-1' for column `droitphilosophie_new`.`Footnotes`.`position` at row 1",
  sqlState: '22007',
  index: 0,
  sql: "insert into `Footnotes` (`article_id`, `content`, `position`, `uid`) values (147, '1* Hommage rendu le 15 septembre 2014 à la Cathédrale saints Michel et Gudule.', 'footnote-1250-1', 'da46315f137')"
}
Error: ER_TRUNCATED_WRONG_VALUE_FOR_FIELD: Incorrect integer value: 'footnote-1250-1' for column `droitphilosophie_new`.`Footnotes`.`position` at row 1
    at Sequence._packetToError (/home/abigael/code/villey/data-migration/node_modules/mysql/lib/protocol/sequences/Sequence.js:47:14)
    at Query.ErrorPacket (/home/abigael/code/villey/data-migration/node_modules/mysql/lib/protocol/sequences/Query.js:79:18)
    at Protocol._parsePacket (/home/abigael/code/villey/data-migration/node_modules/mysql/lib/protocol/Protocol.js:291:23)
    at Parser._parsePacket (/home/abigael/code/villey/data-migration/node_modules/mysql/lib/protocol/Parser.js:433:10)
    at Parser.write (/home/abigael/code/villey/data-migration/node_modules/mysql/lib/protocol/Parser.js:43:10)
    at Protocol.write (/home/abigael/code/villey/data-migration/node_modules/mysql/lib/protocol/Protocol.js:38:16)
    at Socket.<anonymous> (/home/abigael/code/villey/data-migration/node_modules/mysql/lib/Connection.js:88:28)
    at Socket.<anonymous> (/home/abigael/code/villey/data-migration/node_modules/mysql/lib/Connection.js:526:10)
    at Socket.emit (node:events:514:28)
    at addChunk (node:internal/streams/readable:343:12)
    --------------------
    at Protocol._enqueue (/home/abigael/code/villey/data-migration/node_modules/mysql/lib/protocol/Protocol.js:144:48)
    at Connection.query (/home/abigael/code/villey/data-migration/node_modules/mysql/lib/Connection.js:198:25)
    at /home/abigael/code/villey/data-migration/node_modules/knex/lib/dialects/mysql/index.js:132:18
    at new Promise (<anonymous>)
    at Client_MySQL._query (/home/abigael/code/villey/data-migration/node_modules/knex/lib/dialects/mysql/index.js:126:12)
    at executeQuery (/home/abigael/code/villey/data-migration/node_modules/knex/lib/execution/internal/query-executioner.js:37:17)
    at Client_MySQL.query (/home/abigael/code/villey/data-migration/node_modules/knex/lib/client.js:154:12)
    at Runner.query (/home/abigael/code/villey/data-migration/node_modules/knex/lib/execution/runner.js:141:36)
    at ensureConnectionCallback (/home/abigael/code/villey/data-migration/node_modules/knex/lib/execution/internal/ensure-connection-callback.js:13:17)
    at Runner.ensureConnection (/home/abigael/code/villey/data-migration/node_modules/knex/lib/execution/runner.js:318:20) {
  code: 'ER_TRUNCATED_WRONG_VALUE_FOR_FIELD',
  errno: 1366,
  sqlMessage: "Incorrect integer value: 'footnote-1250-1' for column `droitphilosophie_new`.`Footnotes`.`position` at row 1",
  sqlState: '22007',
  index: 0,
  sql: "insert into `Footnotes` (`article_id`, `content`, `position`, `uid`) values (148, '1* Hommage rendu le 15 septembre 2014 à la Cathédrale saints Michel et Gudule.', 'footnote-1250-1', 'a46315f1373')"
}
done
